<?xml version="1.0" encoding="UTF-8"?>
<!-- Generated by org.testng.reporters.JUnitReportReporter -->
<testsuite skipped="0" hostname="SYED" name="Script.InvalidLogin" tests="1" failures="0" timestamp="28 Mar 2018 04:56:42 GMT" time="16.010" errors="0">
  <testcase name="TestInValidLogin" time="16.010" classname="Script.InvalidLogin"/>
</testsuite> <!-- Script.InvalidLogin -->
