<?xml version="1.0" encoding="UTF-8"?>
<!-- Generated by org.testng.reporters.JUnitReportReporter -->
<testsuite skipped="0" hostname="SYED" name="Script.ValidLogin" tests="1" failures="0" timestamp="28 Mar 2018 03:44:01 GMT" time="21.002" errors="0">
  <testcase name="TestValidLogin" time="21.002" classname="Script.ValidLogin"/>
</testsuite> <!-- Script.ValidLogin -->
