<?xml version="1.0" encoding="UTF-8"?>
<!-- Generated by org.testng.reporters.JUnitReportReporter -->
<testsuite skipped="1" hostname="SYED" name="Script.Val" tests="1" failures="0" timestamp="02 Apr 2018 08:37:49 GMT" time="5.278" errors="0">
  <testcase name="TestValidLogin" time="5.278" classname="Script.Val">
    <skipped/>
  </testcase> <!-- TestValidLogin -->
</testsuite> <!-- Script.Val -->
